<?xml version="1.0" encoding="UTF-8"?>
<testng-results ignored="0" total="0" passed="0" failed="0" skipped="0">
  <reporter-output>
  </reporter-output>
  <suite started-at="2022-09-24T17:06:08 PDT" name="testrunner.TestRun" finished-at="2022-09-24T17:06:08 PDT" duration-ms="39">
    <groups>
    </groups>
    <test started-at="2022-09-24T17:06:08 PDT" name="Command line test" finished-at="2022-09-24T17:06:08 PDT" duration-ms="39">
    </test> <!-- Command line test -->
  </suite> <!-- testrunner.TestRun -->
</testng-results>
